{"level":"DEBUG","location":"[post_call:100] fyersModel","message":{"Status Code":401,"API":"/orders/sync"},"timestamp":"2026-04-05 23:54:18,321+0530","service":"FyersAPIRequest","taskName":"Task-27"}
{"level":"DEBUG","location":"[post_call:100] fyersModel","message":{"Status Code":401,"API":"/orders/sync"},"timestamp":"2026-04-05 23:54:34,134+0530","service":"FyersAPIRequest","taskName":"Task-30"}
{"level":"DEBUG","location":"[post_call:100] fyersModel","message":{"Status Code":400,"API":"/orders/sync"},"timestamp":"2026-04-05 23:56:45,982+0530","service":"FyersAPIRequest","taskName":"Task-42"}
{"level":"DEBUG","location":"[post_call:100] fyersModel","message":{"Status Code":400,"API":"/orders/sync"},"timestamp":"2026-04-06 01:23:54,486+0530","service":"FyersAPIRequest","taskName":"Task-36"}
{"level":"DEBUG","location":"[post_call:100] fyersModel","message":{"Status Code":400,"API":"/orders/sync"},"timestamp":"2026-04-06 01:26:11,433+0530","service":"FyersAPIRequest","taskName":"Task-48"}
{"level":"DEBUG","location":"[post_call:100] fyersModel","message":{"Status Code":400,"API":"/orders/sync"},"timestamp":"2026-04-06 01:33:41,783+0530","service":"FyersAPIRequest","taskName":"Task-60"}
{"level":"DEBUG","location":"[get_call:159] fyersModel","message":{"Status Code":200,"API":"/order-history"},"timestamp":"2026-04-06 22:58:35,255+0530","service":"FyersAPIRequest","taskName":"Task-54"}
{"level":"DEBUG","location":"[get_call:159] fyersModel","message":{"Status Code":200,"API":"/trade-history"},"timestamp":"2026-04-06 22:59:03,513+0530","service":"FyersAPIRequest","taskName":"Task-57"}
{"level":"DEBUG","location":"[get_call:159] fyersModel","message":{"Status Code":200,"API":"/trade-history"},"timestamp":"2026-04-06 22:59:08,595+0530","service":"FyersAPIRequest","taskName":"Task-60"}
{"level":"DEBUG","location":"[get_call:159] fyersModel","message":{"Status Code":200,"API":"/tradebook"},"timestamp":"2026-04-06 23:00:26,018+0530","service":"FyersAPIRequest","taskName":"Task-63"}
{"level":"DEBUG","location":"[get_call:159] fyersModel","message":{"Status Code":200,"API":"/tradebook"},"timestamp":"2026-04-06 23:00:36,152+0530","service":"FyersAPIRequest","taskName":"Task-66"}
{"level":"DEBUG","location":"[get_call:159] fyersModel","message":{"Status Code":200,"API":"/tradebook"},"timestamp":"2026-04-06 23:00:39,105+0530","service":"FyersAPIRequest","taskName":"Task-69"}
{"level":"DEBUG","location":"[get_call:159] fyersModel","message":{"Status Code":200,"API":"/tradebook"},"timestamp":"2026-04-06 23:00:44,289+0530","service":"FyersAPIRequest","taskName":"Task-72"}
{"level":"DEBUG","location":"[get_call:159] fyersModel","message":{"Status Code":200,"API":"/orders"},"timestamp":"2026-04-06 23:02:43,592+0530","service":"FyersAPIRequest","taskName":"Task-84"}
{"level":"DEBUG","location":"[get_call:159] fyersModel","message":{"Status Code":200,"API":"/positions"},"timestamp":"2026-04-06 23:04:36,077+0530","service":"FyersAPIRequest","taskName":"Task-93"}
{"level":"DEBUG","location":"[get_call:159] fyersModel","message":{"Status Code":200,"API":"/tradebook"},"timestamp":"2026-04-07 00:01:15,882+0530","service":"FyersAPIRequest","taskName":"Task-54"}
{"level":"DEBUG","location":"[get_call:159] fyersModel","message":{"Status Code":200,"API":"/orders"},"timestamp":"2026-04-07 00:01:16,368+0530","service":"FyersAPIRequest","taskName":"Task-60"}
{"level":"DEBUG","location":"[get_call:159] fyersModel","message":{"Status Code":200,"API":"/positions"},"timestamp":"2026-04-07 00:01:16,902+0530","service":"FyersAPIRequest","taskName":"Task-66"}
{"level":"DEBUG","location":"[get_call:159] fyersModel","message":{"Status Code":200,"API":"/tradebook"},"timestamp":"2026-04-07 10:37:50,095+0530","service":"FyersAPIRequest","taskName":"Task-45"}
{"level":"DEBUG","location":"[get_call:159] fyersModel","message":{"Status Code":200,"API":"/orders"},"timestamp":"2026-04-07 10:37:50,355+0530","service":"FyersAPIRequest","taskName":"Task-51"}
{"level":"DEBUG","location":"[get_call:159] fyersModel","message":{"Status Code":200,"API":"/positions"},"timestamp":"2026-04-07 10:37:50,623+0530","service":"FyersAPIRequest","taskName":"Task-57"}
{"level":"DEBUG","location":"[post_call:100] fyersModel","message":{"Status Code":400,"API":"/orders/sync"},"timestamp":"2026-04-07 10:40:52,854+0530","service":"FyersAPIRequest","taskName":"Task-63"}
{"level":"DEBUG","location":"[post_call:100] fyersModel","message":{"Status Code":400,"API":"/orders/sync"},"timestamp":"2026-04-07 10:41:16,205+0530","service":"FyersAPIRequest","taskName":"Task-66"}
{"level":"DEBUG","location":"[post_call:100] fyersModel","message":{"Status Code":400,"API":"/orders/sync"},"timestamp":"2026-04-07 10:41:23,897+0530","service":"FyersAPIRequest","taskName":"Task-69"}
{"level":"DEBUG","location":"[post_call:100] fyersModel","message":{"Status Code":400,"API":"/orders/sync"},"timestamp":"2026-04-07 10:41:30,727+0530","service":"FyersAPIRequest","taskName":"Task-72"}
{"level":"DEBUG","location":"[post_call:100] fyersModel","message":{"Status Code":400,"API":"/orders/sync"},"timestamp":"2026-04-07 10:42:12,825+0530","service":"FyersAPIRequest","taskName":"Task-87"}
{"level":"DEBUG","location":"[get_call:159] fyersModel","message":{"Status Code":200,"API":"/tradebook"},"timestamp":"2026-04-07 10:42:13,213+0530","service":"FyersAPIRequest","taskName":"Task-93"}
{"level":"DEBUG","location":"[get_call:159] fyersModel","message":{"Status Code":200,"API":"/orders"},"timestamp":"2026-04-07 10:42:13,498+0530","service":"FyersAPIRequest","taskName":"Task-99"}
{"level":"DEBUG","location":"[get_call:159] fyersModel","message":{"Status Code":200,"API":"/positions"},"timestamp":"2026-04-07 10:42:13,894+0530","service":"FyersAPIRequest","taskName":"Task-105"}
{"level":"DEBUG","location":"[post_call:100] fyersModel","message":{"Status Code":400,"API":"/orders/sync"},"timestamp":"2026-04-07 13:18:51,872+0530","service":"FyersAPIRequest","taskName":"Task-39"}
{"level":"DEBUG","location":"[get_call:159] fyersModel","message":{"Status Code":200,"API":"/tradebook"},"timestamp":"2026-04-07 13:18:52,271+0530","service":"FyersAPIRequest","taskName":"Task-45"}
{"level":"DEBUG","location":"[get_call:159] fyersModel","message":{"Status Code":200,"API":"/orders"},"timestamp":"2026-04-07 13:18:52,528+0530","service":"FyersAPIRequest","taskName":"Task-51"}
{"level":"DEBUG","location":"[get_call:159] fyersModel","message":{"Status Code":200,"API":"/positions"},"timestamp":"2026-04-07 13:18:52,792+0530","service":"FyersAPIRequest","taskName":"Task-57"}
{"level":"DEBUG","location":"[get_call:159] fyersModel","message":{"Status Code":200,"API":"/positions"},"timestamp":"2026-04-07 13:20:24,236+0530","service":"FyersAPIRequest","taskName":"Task-66"}
{"level":"DEBUG","location":"[get_call:159] fyersModel","message":{"Status Code":200,"API":"/positions"},"timestamp":"2026-04-07 13:20:58,053+0530","service":"FyersAPIRequest","taskName":"Task-69"}
{"level":"DEBUG","location":"[get_call:159] fyersModel","message":{"Status Code":200,"API":"/positions"},"timestamp":"2026-04-07 13:22:22,492+0530","service":"FyersAPIRequest","taskName":"Task-78"}
{"level":"DEBUG","location":"[post_call:100] fyersModel","message":{"Status Code":400,"API":"/orders/sync"},"timestamp":"2026-04-07 13:42:17,604+0530","service":"FyersAPIRequest","taskName":"Task-102"}
{"level":"DEBUG","location":"[get_call:159] fyersModel","message":{"Status Code":200,"API":"/tradebook"},"timestamp":"2026-04-07 13:42:17,874+0530","service":"FyersAPIRequest","taskName":"Task-108"}
{"level":"DEBUG","location":"[get_call:159] fyersModel","message":{"Status Code":200,"API":"/orders"},"timestamp":"2026-04-07 13:42:18,138+0530","service":"FyersAPIRequest","taskName":"Task-114"}
{"level":"DEBUG","location":"[get_call:159] fyersModel","message":{"Status Code":200,"API":"/positions"},"timestamp":"2026-04-07 13:42:18,408+0530","service":"FyersAPIRequest","taskName":"Task-120"}
{"level":"DEBUG","location":"[get_call:159] fyersModel","message":{"Status Code":400,"API":"/quotes"},"timestamp":"2026-04-07 13:42:18,638+0530","service":"FyersAPIRequest","taskName":"Task-132"}
{"level":"DEBUG","location":"[get_call:159] fyersModel","message":{"Status Code":200,"API":"/quotes"},"timestamp":"2026-04-07 13:42:50,844+0530","service":"FyersAPIRequest","taskName":"Task-138"}
{"level":"DEBUG","location":"[post_call:100] fyersModel","message":{"Status Code":400,"API":"/orders/sync"},"timestamp":"2026-04-09 11:39:01,824+0530","service":"FyersAPIRequest","taskName":"Task-24"}
{"level":"DEBUG","location":"[get_call:159] fyersModel","message":{"Status Code":200,"API":"/tradebook"},"timestamp":"2026-04-09 11:39:02,799+0530","service":"FyersAPIRequest","taskName":"Task-30"}
{"level":"DEBUG","location":"[get_call:159] fyersModel","message":{"Status Code":200,"API":"/orders"},"timestamp":"2026-04-09 11:39:03,265+0530","service":"FyersAPIRequest","taskName":"Task-36"}
{"level":"DEBUG","location":"[get_call:159] fyersModel","message":{"Status Code":200,"API":"/positions"},"timestamp":"2026-04-09 11:39:03,822+0530","service":"FyersAPIRequest","taskName":"Task-42"}
{"level":"DEBUG","location":"[get_call:159] fyersModel","message":{"Status Code":200,"API":"/quotes"},"timestamp":"2026-04-09 11:39:04,288+0530","service":"FyersAPIRequest","taskName":"Task-54"}
{"level":"DEBUG","location":"[post_call:100] fyersModel","message":{"Status Code":400,"API":"/orders/sync"},"timestamp":"2026-04-09 11:45:50,205+0530","service":"FyersAPIRequest","taskName":"Task-77"}
{"level":"DEBUG","location":"[get_call:159] fyersModel","message":{"Status Code":200,"API":"/tradebook"},"timestamp":"2026-04-09 11:45:50,496+0530","service":"FyersAPIRequest","taskName":"Task-83"}
{"level":"DEBUG","location":"[get_call:159] fyersModel","message":{"Status Code":200,"API":"/orders"},"timestamp":"2026-04-09 11:45:50,777+0530","service":"FyersAPIRequest","taskName":"Task-89"}
{"level":"DEBUG","location":"[get_call:159] fyersModel","message":{"Status Code":200,"API":"/positions"},"timestamp":"2026-04-09 11:45:51,630+0530","service":"FyersAPIRequest","taskName":"Task-95"}
